<?xml version="1.0" encoding="UTF-8"?>
<testng-results skipped="0" failed="0" ignored="0" total="1" passed="1">
  <reporter-output>
  </reporter-output>
  <suite name="Default suite" duration-ms="15861" started-at="2020-06-19T10:12:31Z" finished-at="2020-06-19T10:12:46Z">
    <groups>
    </groups>
    <test name="Default test" duration-ms="15861" started-at="2020-06-19T10:12:31Z" finished-at="2020-06-19T10:12:46Z">
      <class name="testcases.LoginPageTest">
        <test-method status="PASS" signature="setUp()[pri:0, instance:testcases.LoginPageTest@6f7fd0e6]" name="setUp" is-config="true" duration-ms="15098" started-at="2020-06-19T15:42:31Z" finished-at="2020-06-19T15:42:46Z">
          <reporter-output>
          </reporter-output>
        </test-method> <!-- setUp -->
        <test-method status="PASS" signature="loginTest()[pri:3, instance:testcases.LoginPageTest@6f7fd0e6]" name="loginTest" duration-ms="22" started-at="2020-06-19T15:42:46Z" finished-at="2020-06-19T15:42:46Z">
          <reporter-output>
          </reporter-output>
        </test-method> <!-- loginTest -->
        <test-method status="PASS" signature="tearDown()[pri:0, instance:testcases.LoginPageTest@6f7fd0e6]" name="tearDown" is-config="true" duration-ms="715" started-at="2020-06-19T15:42:46Z" finished-at="2020-06-19T15:42:46Z">
          <reporter-output>
          </reporter-output>
        </test-method> <!-- tearDown -->
      </class> <!-- testcases.LoginPageTest -->
    </test> <!-- Default test -->
  </suite> <!-- Default suite -->
</testng-results>
